 Number of threads =            1
File to read = ../files/ligand_NO_BOND.mol2
File to read = ../files/site.mol2
 Writing to file: ../files/ligand_NO_BOND_WITH_BONDS.mol2
 Ligand size:           31
 Site size:         1621
Reading bonds from file: ../files/site.mol2
 Read        1610 bonds from file
 Atoms are bonded
 Best fitness:    7.00000000    
 Best index:           37
 Molecule saved to file: results/best_ligand_10.mol2
 Writing to file: results/best_ligand_10_WITH_BONDS.mol2
 Best fitness:    1.00000000    
 Best index:            1
 Molecule saved to file: results/best_ligand_20.mol2
 Writing to file: results/best_ligand_20_WITH_BONDS.mol2
 Best fitness:    8.00000000    
 Best index:           76
 Molecule saved to file: results/best_ligand_30.mol2
 Writing to file: results/best_ligand_30_WITH_BONDS.mol2
 Best fitness:    6.00000000    
 Best index:           32
 Molecule saved to file: results/best_ligand_40.mol2
 Writing to file: results/best_ligand_40_WITH_BONDS.mol2
 Best fitness:    1.00000000    
 Best index:            1
 Molecule saved to file: results/best_ligand_50.mol2
 Writing to file: results/best_ligand_50_WITH_BONDS.mol2
 Best fitness:    5.00000000    
 Best index:           74
 Molecule saved to file: results/best_ligand_60.mol2
 Writing to file: results/best_ligand_60_WITH_BONDS.mol2
 Best fitness:    7.00000000    
 Best index:           21
 Molecule saved to file: results/best_ligand_70.mol2
 Writing to file: results/best_ligand_70_WITH_BONDS.mol2
 Best fitness:    6.00000000    
 Best index:            5
 Molecule saved to file: results/best_ligand_80.mol2
 Writing to file: results/best_ligand_80_WITH_BONDS.mol2
 Best fitness:    5.00000000    
 Best index:           53
 Molecule saved to file: results/best_ligand_90.mol2
 Writing to file: results/best_ligand_90_WITH_BONDS.mol2
 Best fitness:    1.00000000    
 Best index:            1
 Molecule saved to file: results/best_ligand_100.mol2
 Writing to file: results/best_ligand_100_WITH_BONDS.mol2
 Best fitness:    8.00000000    
 Best index:            5
 Molecule saved to file: results/best_ligand_110.mol2
 Writing to file: results/best_ligand_110_WITH_BONDS.mol2
 Best fitness:    6.00000000    
 Best index:           32
 Molecule saved to file: results/best_ligand_120.mol2
 Writing to file: results/best_ligand_120_WITH_BONDS.mol2
 Best fitness:    8.00000000    
 Best index:           60
 Molecule saved to file: results/best_ligand_130.mol2
 Writing to file: results/best_ligand_130_WITH_BONDS.mol2
 Best fitness:    7.00000000    
 Best index:            1
 Molecule saved to file: results/best_ligand_140.mol2
 Writing to file: results/best_ligand_140_WITH_BONDS.mol2
 Best fitness:    7.00000000    
 Best index:            1
 Molecule saved to file: results/best_ligand_150.mol2
 Writing to file: results/best_ligand_150_WITH_BONDS.mol2
 Best fitness:    13.0000000    
 Best index:           33
 Molecule saved to file: results/best_ligand_160.mol2
 Writing to file: results/best_ligand_160_WITH_BONDS.mol2
 Best fitness:    19.0000000    
 Best index:           91
 Molecule saved to file: results/best_ligand_170.mol2
 Writing to file: results/best_ligand_170_WITH_BONDS.mol2
 Best fitness:    17.0000000    
 Best index:            1
 Molecule saved to file: results/best_ligand_180.mol2
 Writing to file: results/best_ligand_180_WITH_BONDS.mol2
 Best fitness:    23.0000000    
 Best index:           51
 Molecule saved to file: results/best_ligand_190.mol2
 Writing to file: results/best_ligand_190_WITH_BONDS.mol2
 Best fitness:    22.0000000    
 Best index:           94
 Molecule saved to file: results/best_ligand_200.mol2
 Writing to file: results/best_ligand_200_WITH_BONDS.mol2
 Best fitness:    18.0000000    
 Best index:           88
 Molecule saved to file: results/best_ligand_210.mol2
 Writing to file: results/best_ligand_210_WITH_BONDS.mol2
 Best fitness:    24.0000000    
 Best index:           91
 Molecule saved to file: results/best_ligand_220.mol2
 Writing to file: results/best_ligand_220_WITH_BONDS.mol2
 Best fitness:    24.0000000    
 Best index:           88
 Molecule saved to file: results/best_ligand_230.mol2
 Writing to file: results/best_ligand_230_WITH_BONDS.mol2
 Best fitness:    22.0000000    
 Best index:           40
 Molecule saved to file: results/best_ligand_240.mol2
 Writing to file: results/best_ligand_240_WITH_BONDS.mol2
 Best fitness:    17.0000000    
 Best index:            1
 Molecule saved to file: results/best_ligand_250.mol2
 Writing to file: results/best_ligand_250_WITH_BONDS.mol2
 Best fitness:    24.0000000    
 Best index:            1
 Molecule saved to file: results/best_ligand_260.mol2
 Writing to file: results/best_ligand_260_WITH_BONDS.mol2
 Best fitness:    28.0000000    
 Best index:           46
 Molecule saved to file: results/best_ligand_270.mol2
 Writing to file: results/best_ligand_270_WITH_BONDS.mol2
 Best fitness:    34.0000000    
 Best index:           36
 Molecule saved to file: results/best_ligand_280.mol2
 Writing to file: results/best_ligand_280_WITH_BONDS.mol2
 Best fitness:    36.0000000    
 Best index:           72
 Molecule saved to file: results/best_ligand_290.mol2
 Writing to file: results/best_ligand_290_WITH_BONDS.mol2
 Best fitness:    30.0000000    
 Best index:            1
 Molecule saved to file: results/best_ligand_300.mol2
 Writing to file: results/best_ligand_300_WITH_BONDS.mol2
 Best fitness:    36.0000000    
 Best index:           70
 Molecule saved to file: results/best_ligand_310.mol2
 Writing to file: results/best_ligand_310_WITH_BONDS.mol2
 Best fitness:    38.0000000    
 Best index:           39
 Molecule saved to file: results/best_ligand_320.mol2
 Writing to file: results/best_ligand_320_WITH_BONDS.mol2
 Best fitness:    36.0000000    
 Best index:           52
 Molecule saved to file: results/best_ligand_330.mol2
 Writing to file: results/best_ligand_330_WITH_BONDS.mol2
 Best fitness:    36.0000000    
 Best index:            1
 Molecule saved to file: results/best_ligand_340.mol2
 Writing to file: results/best_ligand_340_WITH_BONDS.mol2
 Best fitness:    43.0000000    
 Best index:           11
 Molecule saved to file: results/best_ligand_350.mol2
 Writing to file: results/best_ligand_350_WITH_BONDS.mol2
 Best fitness:    38.0000000    
 Best index:           35
 Molecule saved to file: results/best_ligand_360.mol2
 Writing to file: results/best_ligand_360_WITH_BONDS.mol2
 Best fitness:    43.0000000    
 Best index:           79
 Molecule saved to file: results/best_ligand_370.mol2
 Writing to file: results/best_ligand_370_WITH_BONDS.mol2
 Best fitness:    41.0000000    
 Best index:           33
 Molecule saved to file: results/best_ligand_380.mol2
 Writing to file: results/best_ligand_380_WITH_BONDS.mol2
 Best fitness:    41.0000000    
 Best index:           45
 Molecule saved to file: results/best_ligand_390.mol2
 Writing to file: results/best_ligand_390_WITH_BONDS.mol2
 Best fitness:    41.0000000    
 Best index:           54
 Molecule saved to file: results/best_ligand_400.mol2
 Writing to file: results/best_ligand_400_WITH_BONDS.mol2
 Best fitness:    39.0000000    
 Best index:           48
 Molecule saved to file: results/best_ligand_410.mol2
 Writing to file: results/best_ligand_410_WITH_BONDS.mol2
 Best fitness:    36.0000000    
 Best index:           16
 Molecule saved to file: results/best_ligand_420.mol2
 Writing to file: results/best_ligand_420_WITH_BONDS.mol2
 Best fitness:    38.0000000    
 Best index:           91
 Molecule saved to file: results/best_ligand_430.mol2
 Writing to file: results/best_ligand_430_WITH_BONDS.mol2
 Best fitness:    38.0000000    
 Best index:           31
 Molecule saved to file: results/best_ligand_440.mol2
 Writing to file: results/best_ligand_440_WITH_BONDS.mol2
 Best fitness:    36.0000000    
 Best index:            1
 Molecule saved to file: results/best_ligand_450.mol2
 Writing to file: results/best_ligand_450_WITH_BONDS.mol2
 Best fitness:    42.0000000    
 Best index:            1
 Molecule saved to file: results/best_ligand_460.mol2
 Writing to file: results/best_ligand_460_WITH_BONDS.mol2
 Best fitness:    42.0000000    
 Best index:            1
 Molecule saved to file: results/best_ligand_470.mol2
 Writing to file: results/best_ligand_470_WITH_BONDS.mol2
 Best fitness:    43.0000000    
 Best index:           88
 Molecule saved to file: results/best_ligand_480.mol2
 Writing to file: results/best_ligand_480_WITH_BONDS.mol2
 Best fitness:    42.0000000    
 Best index:            1
 Molecule saved to file: results/best_ligand_490.mol2
 Writing to file: results/best_ligand_490_WITH_BONDS.mol2
 Best fitness:    42.0000000    
 Best index:            1
 Molecule saved to file: results/best_ligand_500.mol2
 Writing to file: results/best_ligand_500_WITH_BONDS.mol2
 Fortran CPU time elapsed   24.710410000000000     
 OpenMP Walltime elapsed   24.812296423129737     
