
* Info: "ref-cycles" not supported on LAPTOP-KCN8A1JH: fallback to "cpu-clock" Number of threads =           32
File to read = ../files/ligand_NO_BOND.mol2
File to read = ../files/site.mol2
 Writing to file: ../files/ligand_NO_BOND_WITH_BONDS.mol2
 Ligand size:           31
 Site size:         1621
Reading bonds from file: ../files/site.mol2
 Read        1610 bonds from file
 Atoms are bonded
 Best fitness:    6.00000000    
 Best index:           54
 Error opening file: results/best_ligand_10.mol2
 Best fitness:    5.00000000    
 Best index:            4
 Error opening file: results/best_ligand_20.mol2
 Best fitness:    8.00000000    
 Best index:           21
 Error opening file: results/best_ligand_30.mol2
 Best fitness:    11.0000000    
 Best index:           85
 Error opening file: results/best_ligand_40.mol2
 Best fitness:    10.0000000    
 Best index:           29
 Error opening file: results/best_ligand_50.mol2
 Best fitness:    6.00000000    
 Best index:            7
 Error opening file: results/best_ligand_60.mol2
 Best fitness:    12.0000000    
 Best index:           94
 Error opening file: results/best_ligand_70.mol2
 Best fitness:    11.0000000    
 Best index:           96
 Error opening file: results/best_ligand_80.mol2
 Best fitness:    5.00000000    
 Best index:            1
 Error opening file: results/best_ligand_90.mol2
 Best fitness:    6.00000000    
 Best index:           94
 Error opening file: results/best_ligand_100.mol2
 Best fitness:    5.00000000    
 Best index:            1
 Error opening file: results/best_ligand_110.mol2
 Best fitness:    12.0000000    
 Best index:            3
 Error opening file: results/best_ligand_120.mol2
 Best fitness:    11.0000000    
 Best index:           51
 Error opening file: results/best_ligand_130.mol2
 Best fitness:    8.00000000    
 Best index:           30
 Error opening file: results/best_ligand_140.mol2
 Best fitness:    6.00000000    
 Best index:           22
 Error opening file: results/best_ligand_150.mol2
 Best fitness:    11.0000000    
 Best index:           30
 Error opening file: results/best_ligand_160.mol2
 Best fitness:    10.0000000    
 Best index:            4
 Error opening file: results/best_ligand_170.mol2
 Best fitness:    11.0000000    
 Best index:           58
 Error opening file: results/best_ligand_180.mol2
 Best fitness:    6.00000000    
 Best index:           69
 Error opening file: results/best_ligand_190.mol2
 Best fitness:    12.0000000    
 Best index:           72
 Error opening file: results/best_ligand_200.mol2
 Best fitness:    14.0000000    
 Best index:           33
 Error opening file: results/best_ligand_210.mol2
 Best fitness:    18.0000000    
 Best index:           36
 Error opening file: results/best_ligand_220.mol2
 Best fitness:    13.0000000    
 Best index:           56
 Error opening file: results/best_ligand_230.mol2
 Best fitness:    18.0000000    
 Best index:           23
 Error opening file: results/best_ligand_240.mol2
 Best fitness:    18.0000000    
 Best index:           31
 Error opening file: results/best_ligand_250.mol2
 Best fitness:    18.0000000    
 Best index:           61
 Error opening file: results/best_ligand_260.mol2
 Best fitness:    13.0000000    
 Best index:           70
 Error opening file: results/best_ligand_270.mol2
 Best fitness:    18.0000000    
 Best index:            8
 Error opening file: results/best_ligand_280.mol2
 Best fitness:    13.0000000    
 Best index:           15
 Error opening file: results/best_ligand_290.mol2
 Best fitness:    18.0000000    
 Best index:           41
 Error opening file: results/best_ligand_300.mol2
 Best fitness:    17.0000000    
 Best index:           23
 Error opening file: results/best_ligand_310.mol2
 Best fitness:    14.0000000    
 Best index:           59
 Error opening file: results/best_ligand_320.mol2
 Best fitness:    18.0000000    
 Best index:           28
 Error opening file: results/best_ligand_330.mol2
 Best fitness:    18.0000000    
 Best index:           22
 Error opening file: results/best_ligand_340.mol2
 Best fitness:    18.0000000    
 Best index:           82
 Error opening file: results/best_ligand_350.mol2
 Best fitness:    18.0000000    
 Best index:           86
 Error opening file: results/best_ligand_360.mol2
 Best fitness:    13.0000000    
 Best index:           39
 Error opening file: results/best_ligand_370.mol2
 Best fitness:    17.0000000    
 Best index:           72
 Error opening file: results/best_ligand_380.mol2
 Best fitness:    14.0000000    
 Best index:           44
 Error opening file: results/best_ligand_390.mol2
 Best fitness:    22.0000000    
 Best index:            7
 Error opening file: results/best_ligand_400.mol2
 Best fitness:    22.0000000    
 Best index:            8
 Error opening file: results/best_ligand_410.mol2
 Best fitness:    21.0000000    
 Best index:           14
 Error opening file: results/best_ligand_420.mol2
 Best fitness:    16.0000000    
 Best index:            1
 Error opening file: results/best_ligand_430.mol2
 Best fitness:    17.0000000    
 Best index:           64
 Error opening file: results/best_ligand_440.mol2
 Best fitness:    16.0000000    
 Best index:            2
 Error opening file: results/best_ligand_450.mol2
 Best fitness:    23.0000000    
 Best index:           50
 Error opening file: results/best_ligand_460.mol2
 Best fitness:    21.0000000    
 Best index:           70
 Error opening file: results/best_ligand_470.mol2
 Best fitness:    20.0000000    
 Best index:           94
 Error opening file: results/best_ligand_480.mol2
 Best fitness:    22.0000000    
 Best index:           11
 Error opening file: results/best_ligand_490.mol2
 Best fitness:    20.0000000    
 Best index:           13
 Error opening file: results/best_ligand_500.mol2
 Fortran CPU time elapsed   205.98442600000001     
 OpenMP Walltime elapsed   93.885262609000051     

* Info: Dumping samples (host LAPTOP-KCN8A1JH, process 6097)
* Info: Dumping source info for callchain nodes (host LAPTOP-KCN8A1JH, process 6097)
* Info: Building/writing metadata (host LAPTOP-KCN8A1JH)
* Info: Finished collect step (host LAPTOP-KCN8A1JH, process 6097)

Your experiment path is /home/notgard/chps1002/genetic_docking/part2/ov_omp/tools/lprof_npsu_run_0

To display your profiling results:
######################################################################################################################################
#    LEVEL    |     REPORT     |                                               COMMAND                                               #
######################################################################################################################################
#  Functions  |  Cluster-wide  |  maqao lprof -df xp=/home/notgard/chps1002/genetic_docking/part2/ov_omp/tools/lprof_npsu_run_0      #
#  Functions  |  Per-node      |  maqao lprof -df -dn xp=/home/notgard/chps1002/genetic_docking/part2/ov_omp/tools/lprof_npsu_run_0  #
#  Functions  |  Per-process   |  maqao lprof -df -dp xp=/home/notgard/chps1002/genetic_docking/part2/ov_omp/tools/lprof_npsu_run_0  #
#  Functions  |  Per-thread    |  maqao lprof -df -dt xp=/home/notgard/chps1002/genetic_docking/part2/ov_omp/tools/lprof_npsu_run_0  #
#  Loops      |  Cluster-wide  |  maqao lprof -dl xp=/home/notgard/chps1002/genetic_docking/part2/ov_omp/tools/lprof_npsu_run_0      #
#  Loops      |  Per-node      |  maqao lprof -dl -dn xp=/home/notgard/chps1002/genetic_docking/part2/ov_omp/tools/lprof_npsu_run_0  #
#  Loops      |  Per-process   |  maqao lprof -dl -dp xp=/home/notgard/chps1002/genetic_docking/part2/ov_omp/tools/lprof_npsu_run_0  #
#  Loops      |  Per-thread    |  maqao lprof -dl -dt xp=/home/notgard/chps1002/genetic_docking/part2/ov_omp/tools/lprof_npsu_run_0  #
######################################################################################################################################

